0 info it worked if it ends with ok
1 verbose cli [ 'node', '/opt/rh/nodejs010/root/usr/bin/npm', 'start' ]
2 info using npm@2.14.13
3 info using node@v0.10.35
4 verbose run-script [ 'prestart', 'start', 'poststart' ]
5 info prestart itarg@1.0.0
6 info start itarg@1.0.0
7 verbose unsafe-perm in lifecycle true
8 info itarg@1.0.0 Failed to exec start script
9 verbose stack Error: itarg@1.0.0 start: `node ./bin/www`
9 verbose stack Exit status 8
9 verbose stack     at EventEmitter.<anonymous> (/opt/rh/nodejs010/root/usr/lib/node_modules/npm/lib/utils/lifecycle.js:214:16)
9 verbose stack     at EventEmitter.emit (events.js:98:17)
9 verbose stack     at ChildProcess.<anonymous> (/opt/rh/nodejs010/root/usr/lib/node_modules/npm/lib/utils/spawn.js:24:14)
9 verbose stack     at ChildProcess.emit (events.js:98:17)
9 verbose stack     at maybeClose (child_process.js:766:16)
9 verbose stack     at Process.ChildProcess._handle.onexit (child_process.js:833:5)
10 verbose pkgid itarg@1.0.0
11 verbose cwd /var/lib/openshift/5765c17989f5cfa6b40000f6/app-root/runtime/repo
12 error Linux 2.6.32-642.13.1.el6.x86_64
13 error argv "node" "/opt/rh/nodejs010/root/usr/bin/npm" "start"
14 error node v0.10.35
15 error npm  v2.14.13
16 error code ELIFECYCLE
17 error itarg@1.0.0 start: `node ./bin/www`
17 error Exit status 8
18 error Failed at the itarg@1.0.0 start script 'node ./bin/www'.
18 error This is most likely a problem with the itarg package,
18 error not with npm itself.
18 error Tell the author that this fails on your system:
18 error     node ./bin/www
18 error You can get their info via:
18 error     npm owner ls itarg
18 error There is likely additional logging output above.
19 verbose exit [ 1, true ]
